<?xml version="1.0" encoding="UTF-8"?>
<!-- Generated by org.testng.reporters.JUnitXMLReporter -->
<testsuite ignored="0" hostname="Lenovo-AIO" failures="0" tests="4" name="Add Customer Test" time="2.774" errors="0" timestamp="2024-05-29T13:54:34 CEST">
  <testcase classname="com.w2a.testcases.AddCustomerTest" name="addCustomerTest" time="1.042"/>
  <testcase classname="com.w2a.testcases.AddCustomerTest" name="addCustomerTest" time="0.003">
    <skipped/>
  </testcase> <!-- addCustomerTest -->
  <testcase classname="com.w2a.testcases.AddCustomerTest" name="addCustomerTest" time="0.806"/>
  <testcase classname="com.w2a.testcases.AddCustomerTest" name="addCustomerTest" time="0.783"/>
</testsuite> <!-- Add Customer Test -->
