<?xml version="1.0" encoding="UTF-8"?>
<!-- Generated by org.testng.reporters.JUnitXMLReporter -->
<testsuite ignored="0" hostname="Lenovo-AIO" failures="0" tests="4" name="Add Customer Test" time="3.545" errors="0" timestamp="2024-05-27T12:36:37 CEST">
  <testcase classname="com.w2a.testcases.AddCustomerTest" name="addCustomerTest" time="1.034"/>
  <testcase classname="com.w2a.testcases.AddCustomerTest" name="addCustomerTest" time="0.776"/>
  <testcase classname="com.w2a.testcases.AddCustomerTest" name="addCustomerTest" time="0.792"/>
  <testcase classname="com.w2a.testcases.AddCustomerTest" name="addCustomerTest" time="0.777"/>
</testsuite> <!-- Add Customer Test -->
