<?xml version="1.0" encoding="UTF-8"?>
<!-- Generated by org.testng.reporters.JUnitXMLReporter -->
<testsuite ignored="0" hostname="Lenovo-AIO" failures="1" tests="1" name="Bank Manager Login Test" time="1.584" errors="0" timestamp="2024-05-27T12:36:33 CEST">
  <testcase classname="com.w2a.testcases.BankManagerLoginTest" name="loginAsBankManager" time="1.098">
    <failure type="java.lang.AssertionError" message="not login successful">
      <![CDATA[java.lang.AssertionError: not login successful
at com.w2a.testcases.BankManagerLoginTest.loginAsBankManager(BankManagerLoginTest.java:25)
at java.base/java.util.ArrayList.forEach(ArrayList.java:1511)
... Removed 28 stack frames]]>
    </failure>
  </testcase> <!-- loginAsBankManager -->
</testsuite> <!-- Bank Manager Login Test -->
